  AssetManager.cpp
  aStarException.cpp
  aStarMap.cpp
  aStarNode.cpp
  AudioFile.cpp
  Background.cpp
  Border.cpp
  Hints.cpp
  Intelligence.cpp
  Button2D.cpp
Button2D.cpp(135): warning C4838: conversion from 'float' to 'int' requires a narrowing conversion
  Buttons.cpp
  Cube.cpp
  DefaultCamera.cpp
  DeferredInputShader.cpp
  DeferredOutputShader.cpp
  DeferredRenderer.cpp
  DirectionalLight.cpp
  FirstPersonCamera.cpp
  GLM: rotate function taking degrees as a parameter is deprecated. #define GLM_FORCE_RADIANS before including GLM headers to remove this message.
  forest.cpp
  Gate.cpp
  GLM: rotate function taking degrees as a parameter is deprecated. #define GLM_FORCE_RADIANS before including GLM headers to remove this message.
  Compiling...
  GPU_Matrices.cpp
  GLM: perspective function taking degrees as a parameter is deprecated. #define GLM_FORCE_RADIANS before including GLM headers to remove this message.
  GLM: rotate function taking degrees as a parameter is deprecated. #define GLM_FORCE_RADIANS before including GLM headers to remove this message.
  Headers.cpp
  House.cpp
  intro.cpp
  Key.cpp
  GLM: rotate function taking degrees as a parameter is deprecated. #define GLM_FORCE_RADIANS before including GLM headers to remove this message.
  Keyboard.cpp
  Lights.cpp
  Monster.cpp
  Mouse.cpp
  Music.cpp
  OptionsField.cpp
  PerFragmentShader.cpp
  ForwardRenderer.cpp
  Gameover.cpp
  Gamepad.cpp
  GeometryBuffer.cpp
  Heightmap.cpp
  Indoors.cpp
  GLM: rotate function taking degrees as a parameter is deprecated. #define GLM_FORCE_RADIANS before including GLM headers to remove this message.
  md2Model.cpp
  menu.cpp
  Compiling...
  Exception.cpp
  FontAsset.cpp
  LocalAssetManager.cpp
  Model.cpp
  ModelFile.cpp
  options.cpp
  OptionsGraphics.cpp
  OptionsVolume.cpp
  OptionsWindowSize.cpp
  OptionsWindowType.cpp
  OrthoShader.cpp
  Pickups.cpp
  Player.cpp
  PointLight.cpp
  Renderer2D.cpp
  GPU.cpp
  GPU_Program.cpp
  GPU_Sampler.cpp
  GPU_Transfer.cpp
  ApplicationLayer.cpp
  Compiling...
  SceneManager.cpp
  Skybox.cpp
  SolidBox.cpp
  ModelSet.cpp
  SolidCylinder.cpp
  SpotLight.cpp
  System.cpp
  HighPrecisionTimer.cpp
  Terrain.cpp
  Text2D.cpp
  Texture2D.cpp
  TextureAsset.cpp
  Trees.cpp
  Video.cpp
  Window.cpp
  World.cpp
  Generating code
  All 3992 functions were compiled because no usable IPDB/IOBJ from previous compilation was found.
  Finished generating code
  Application.vcxproj -> C:\Users\B0023\Desktop\Games Technology Project\Release\Application.exe
