c:\users\b0023\desktop\ies\games technology project\application\release\vc140.pdb
c:\users\b0023\desktop\ies\games technology project\application\release\gate.obj
c:\users\b0023\desktop\ies\games technology project\application\release\forest.obj
c:\users\b0023\desktop\ies\games technology project\application\release\firstpersoncamera.obj
c:\users\b0023\desktop\ies\games technology project\application\release\directionallight.obj
c:\users\b0023\desktop\ies\games technology project\application\release\deferredrenderer.obj
c:\users\b0023\desktop\ies\games technology project\application\release\deferredoutputshader.obj
c:\users\b0023\desktop\ies\games technology project\application\release\deferredinputshader.obj
c:\users\b0023\desktop\ies\games technology project\application\release\defaultcamera.obj
c:\users\b0023\desktop\ies\games technology project\application\release\cube.obj
c:\users\b0023\desktop\ies\games technology project\application\release\buttons.obj
c:\users\b0023\desktop\ies\games technology project\application\release\button2d.obj
c:\users\b0023\desktop\ies\games technology project\application\release\intelligence.obj
c:\users\b0023\desktop\ies\games technology project\application\release\hints.obj
c:\users\b0023\desktop\ies\games technology project\application\release\border.obj
c:\users\b0023\desktop\ies\games technology project\application\release\background.obj
c:\users\b0023\desktop\ies\games technology project\application\release\audiofile.obj
c:\users\b0023\desktop\ies\games technology project\application\release\astarnode.obj
c:\users\b0023\desktop\ies\games technology project\application\release\astarmap.obj
c:\users\b0023\desktop\ies\games technology project\application\release\astarexception.obj
c:\users\b0023\desktop\ies\games technology project\application\release\assetmanager.obj
c:\users\b0023\desktop\ies\games technology project\application\release\menu.obj
c:\users\b0023\desktop\ies\games technology project\application\release\md2model.obj
c:\users\b0023\desktop\ies\games technology project\application\release\indoors.obj
c:\users\b0023\desktop\ies\games technology project\application\release\heightmap.obj
c:\users\b0023\desktop\ies\games technology project\application\release\geometrybuffer.obj
c:\users\b0023\desktop\ies\games technology project\application\release\gamepad.obj
c:\users\b0023\desktop\ies\games technology project\application\release\gameover.obj
c:\users\b0023\desktop\ies\games technology project\application\release\forwardrenderer.obj
c:\users\b0023\desktop\ies\games technology project\application\release\perfragmentshader.obj
c:\users\b0023\desktop\ies\games technology project\application\release\optionsfield.obj
c:\users\b0023\desktop\ies\games technology project\application\release\music.obj
c:\users\b0023\desktop\ies\games technology project\application\release\mouse.obj
c:\users\b0023\desktop\ies\games technology project\application\release\monster.obj
c:\users\b0023\desktop\ies\games technology project\application\release\lights.obj
c:\users\b0023\desktop\ies\games technology project\application\release\keyboard.obj
c:\users\b0023\desktop\ies\games technology project\application\release\key.obj
c:\users\b0023\desktop\ies\games technology project\application\release\intro.obj
c:\users\b0023\desktop\ies\games technology project\application\release\house.obj
c:\users\b0023\desktop\ies\games technology project\application\release\headers.obj
c:\users\b0023\desktop\ies\games technology project\application\release\gpu_matrices.obj
c:\users\b0023\desktop\ies\games technology project\application\release\applicationlayer.obj
c:\users\b0023\desktop\ies\games technology project\application\release\gpu_transfer.obj
c:\users\b0023\desktop\ies\games technology project\application\release\gpu_sampler.obj
c:\users\b0023\desktop\ies\games technology project\application\release\gpu_program.obj
c:\users\b0023\desktop\ies\games technology project\application\release\gpu.obj
c:\users\b0023\desktop\ies\games technology project\application\release\renderer2d.obj
c:\users\b0023\desktop\ies\games technology project\application\release\pointlight.obj
c:\users\b0023\desktop\ies\games technology project\application\release\player.obj
c:\users\b0023\desktop\ies\games technology project\application\release\pickups.obj
c:\users\b0023\desktop\ies\games technology project\application\release\orthoshader.obj
c:\users\b0023\desktop\ies\games technology project\application\release\optionswindowtype.obj
c:\users\b0023\desktop\ies\games technology project\application\release\optionswindowsize.obj
c:\users\b0023\desktop\ies\games technology project\application\release\optionsvolume.obj
c:\users\b0023\desktop\ies\games technology project\application\release\optionsgraphics.obj
c:\users\b0023\desktop\ies\games technology project\application\release\options.obj
c:\users\b0023\desktop\ies\games technology project\application\release\modelfile.obj
c:\users\b0023\desktop\ies\games technology project\application\release\model.obj
c:\users\b0023\desktop\ies\games technology project\application\release\localassetmanager.obj
c:\users\b0023\desktop\ies\games technology project\application\release\fontasset.obj
c:\users\b0023\desktop\ies\games technology project\application\release\exception.obj
c:\users\b0023\desktop\ies\games technology project\application\release\world.obj
c:\users\b0023\desktop\ies\games technology project\application\release\window.obj
c:\users\b0023\desktop\ies\games technology project\application\release\video.obj
c:\users\b0023\desktop\ies\games technology project\application\release\trees.obj
c:\users\b0023\desktop\ies\games technology project\application\release\textureasset.obj
c:\users\b0023\desktop\ies\games technology project\application\release\texture2d.obj
c:\users\b0023\desktop\ies\games technology project\application\release\text2d.obj
c:\users\b0023\desktop\ies\games technology project\application\release\terrain.obj
c:\users\b0023\desktop\ies\games technology project\application\release\highprecisiontimer.obj
c:\users\b0023\desktop\ies\games technology project\application\release\system.obj
c:\users\b0023\desktop\ies\games technology project\application\release\spotlight.obj
c:\users\b0023\desktop\ies\games technology project\application\release\solidcylinder.obj
c:\users\b0023\desktop\ies\games technology project\application\release\modelset.obj
c:\users\b0023\desktop\ies\games technology project\application\release\solidbox.obj
c:\users\b0023\desktop\ies\games technology project\application\release\skybox.obj
c:\users\b0023\desktop\ies\games technology project\application\release\scenemanager.obj
c:\users\b0023\desktop\ies\games technology project\release\application.exe
c:\users\b0023\desktop\ies\games technology project\release\application.ipdb
c:\users\b0023\desktop\ies\games technology project\release\application.iobj
c:\users\b0023\desktop\ies\games technology project\application\release\application.res
c:\users\b0023\desktop\ies\games technology project\application\release\music2d.obj
c:\users\b0023\desktop\ies\games technology project\application\release\music3d.obj
c:\users\b0023\desktop\ies\games technology project\application\release\sound2d.obj
c:\users\b0023\desktop\ies\games technology project\application\release\sound3d.obj
c:\users\b0023\desktop\ies\games technology project\application\release\vc120.pdb
c:\users\b0023\desktop\ies\games technology project\application\release\application.tlog\cl.command.1.tlog
c:\users\b0023\desktop\ies\games technology project\application\release\application.tlog\cl.read.1.tlog
c:\users\b0023\desktop\ies\games technology project\application\release\application.tlog\cl.write.1.tlog
c:\users\b0023\desktop\ies\games technology project\application\release\application.tlog\link.command.1.tlog
c:\users\b0023\desktop\ies\games technology project\application\release\application.tlog\link.read.1.tlog
c:\users\b0023\desktop\ies\games technology project\application\release\application.tlog\link.write.1.tlog
c:\users\b0023\desktop\ies\games technology project\application\release\application.tlog\rc.command.1.tlog
c:\users\b0023\desktop\ies\games technology project\application\release\application.tlog\rc.read.1.tlog
c:\users\b0023\desktop\ies\games technology project\application\release\application.tlog\rc.write.1.tlog
