  AssetManager.cpp
  AudioFile.cpp
  Button2D.cpp
Button2D.cpp(135): warning C4838: conversion from 'float' to 'int' requires a narrowing conversion
  Cube.cpp
  DefaultCamera.cpp
  DeferredInputShader.cpp
  DeferredOutputShader.cpp
  DeferredRenderer.cpp
  DirectionalLight.cpp
  Exception.cpp
  FirstPersonCamera.cpp
  GLM: rotate function taking degrees as a parameter is deprecated. #define GLM_FORCE_RADIANS before including GLM headers to remove this message.
  FontAsset.cpp
  ForwardRenderer.cpp
  GPU.cpp
  GPU_Matrices.cpp
  GLM: perspective function taking degrees as a parameter is deprecated. #define GLM_FORCE_RADIANS before including GLM headers to remove this message.
  GLM: rotate function taking degrees as a parameter is deprecated. #define GLM_FORCE_RADIANS before including GLM headers to remove this message.
  GPU_Program.cpp
  GPU_Sampler.cpp
  GPU_Transfer.cpp
  Gamepad.cpp
  GeometryBuffer.cpp
  Compiling...
  Heightmap.cpp
  HighPrecisionTimer.cpp
  Keyboard.cpp
  Lights.cpp
  LocalAssetManager.cpp
  Model.cpp
  ModelFile.cpp
  ModelSet.cpp
  Mouse.cpp
  Music.cpp
  OrthoShader.cpp
  PerFragmentShader.cpp
  PointLight.cpp
  Renderer2D.cpp
  Skybox.cpp
  SolidBox.cpp
  SolidCylinder.cpp
  SpotLight.cpp
  Text2D.cpp
  Texture2D.cpp
  Compiling...
  TextureAsset.cpp
  Video.cpp
  Window.cpp
  World.cpp
  aStarException.cpp
  aStarMap.cpp
  aStarNode.cpp
  md2Model.cpp
     Creating library C:\Users\B0023\Desktop\Games Technology Project\Release\Silence.Core.lib and object C:\Users\B0023\Desktop\Games Technology Project\Release\Silence.Core.exp
  Generating code
  All 3632 functions were compiled because no usable IPDB/IOBJ from previous compilation was found.
  Finished generating code
  Silence.Core.vcxproj -> C:\Users\B0023\Desktop\Games Technology Project\Release\Silence.Core.dll
  Silence.Core.vcxproj -> C:\Users\B0023\Desktop\Games Technology Project\Release\Silence.Core.pdb (Full PDB)
