c:\users\b0023\desktop\games technology project\silence.core\release\vc140.pdb
c:\users\b0023\desktop\games technology project\silence.core\release\window.obj
c:\users\b0023\desktop\games technology project\silence.core\release\gpu_sampler.obj
c:\users\b0023\desktop\games technology project\silence.core\release\assetmanager.obj
c:\users\b0023\desktop\games technology project\silence.core\release\heightmap.obj
c:\users\b0023\desktop\games technology project\silence.core\release\geometrybuffer.obj
c:\users\b0023\desktop\games technology project\silence.core\release\gamepad.obj
c:\users\b0023\desktop\games technology project\silence.core\release\gpu_transfer.obj
c:\users\b0023\desktop\games technology project\silence.core\release\gpu_program.obj
c:\users\b0023\desktop\games technology project\silence.core\release\gpu_matrices.obj
c:\users\b0023\desktop\games technology project\silence.core\release\gpu.obj
c:\users\b0023\desktop\games technology project\silence.core\release\forwardrenderer.obj
c:\users\b0023\desktop\games technology project\silence.core\release\fontasset.obj
c:\users\b0023\desktop\games technology project\silence.core\release\firstpersoncamera.obj
c:\users\b0023\desktop\games technology project\silence.core\release\directionallight.obj
c:\users\b0023\desktop\games technology project\silence.core\release\deferredrenderer.obj
c:\users\b0023\desktop\games technology project\silence.core\release\deferredoutputshader.obj
c:\users\b0023\desktop\games technology project\silence.core\release\deferredinputshader.obj
c:\users\b0023\desktop\games technology project\silence.core\release\defaultcamera.obj
c:\users\b0023\desktop\games technology project\silence.core\release\cube.obj
c:\users\b0023\desktop\games technology project\silence.core\release\button2d.obj
c:\users\b0023\desktop\games technology project\silence.core\release\audiofile.obj
c:\users\b0023\desktop\games technology project\silence.core\release\video.obj
c:\users\b0023\desktop\games technology project\silence.core\release\textureasset.obj
c:\users\b0023\desktop\games technology project\silence.core\release\texture2d.obj
c:\users\b0023\desktop\games technology project\silence.core\release\text2d.obj
c:\users\b0023\desktop\games technology project\silence.core\release\spotlight.obj
c:\users\b0023\desktop\games technology project\silence.core\release\solidcylinder.obj
c:\users\b0023\desktop\games technology project\silence.core\release\solidbox.obj
c:\users\b0023\desktop\games technology project\silence.core\release\skybox.obj
c:\users\b0023\desktop\games technology project\silence.core\release\renderer2d.obj
c:\users\b0023\desktop\games technology project\silence.core\release\pointlight.obj
c:\users\b0023\desktop\games technology project\silence.core\release\perfragmentshader.obj
c:\users\b0023\desktop\games technology project\silence.core\release\orthoshader.obj
c:\users\b0023\desktop\games technology project\silence.core\release\music.obj
c:\users\b0023\desktop\games technology project\silence.core\release\modelset.obj
c:\users\b0023\desktop\games technology project\silence.core\release\modelfile.obj
c:\users\b0023\desktop\games technology project\silence.core\release\model.obj
c:\users\b0023\desktop\games technology project\silence.core\release\localassetmanager.obj
c:\users\b0023\desktop\games technology project\silence.core\release\lights.obj
c:\users\b0023\desktop\games technology project\silence.core\release\highprecisiontimer.obj
c:\users\b0023\desktop\games technology project\silence.core\release\md2model.obj
c:\users\b0023\desktop\games technology project\silence.core\release\astarnode.obj
c:\users\b0023\desktop\games technology project\silence.core\release\astarmap.obj
c:\users\b0023\desktop\games technology project\silence.core\release\astarexception.obj
c:\users\b0023\desktop\games technology project\silence.core\release\world.obj
c:\users\b0023\desktop\games technology project\silence.core\release\mouse.obj
c:\users\b0023\desktop\games technology project\silence.core\release\keyboard.obj
c:\users\b0023\desktop\games technology project\silence.core\release\exception.obj
c:\users\b0023\desktop\games technology project\release\silence.core.dll
c:\users\b0023\desktop\games technology project\release\silence.core.ipdb
c:\users\b0023\desktop\games technology project\release\silence.core.iobj
c:\users\b0023\desktop\games technology project\release\silence.core.pdb
c:\users\b0023\desktop\games technology project\release\silence.core.lib
c:\users\b0023\desktop\games technology project\release\silence.core.exp
c:\users\b0023\desktop\games technology project\silence.core\release\silence.core.tlog\cl.command.1.tlog
c:\users\b0023\desktop\games technology project\silence.core\release\silence.core.tlog\cl.read.1.tlog
c:\users\b0023\desktop\games technology project\silence.core\release\silence.core.tlog\cl.write.1.tlog
c:\users\b0023\desktop\games technology project\silence.core\release\silence.core.tlog\link.command.1.tlog
c:\users\b0023\desktop\games technology project\silence.core\release\silence.core.tlog\link.read.1.tlog
c:\users\b0023\desktop\games technology project\silence.core\release\silence.core.tlog\link.write.1.tlog
c:\users\b0023\desktop\games technology project\silence.core\release\silence.core.tlog\silence.core.write.1u.tlog
