  ApplicationLayer.cpp
  Generating Code...
  Compiling...
  options.cpp
  menu.cpp
  md2Model.cpp
  intro.cpp
  forest.cpp
  aStarNode.cpp
  aStarMap.cpp
  aStarException.cpp
  World.cpp
  Window.cpp
  Video.cpp
  Trees.cpp
  TextureAsset.cpp
  Texture2D.cpp
  Text2D.cpp
  Terrain.cpp
  System.cpp
  SpotLight.cpp
  SolidCylinder.cpp
  SolidBox.cpp
  Generating Code...
  Compiling...
  Skybox.cpp
  SceneManager.cpp
  Renderer2D.cpp
  PointLight.cpp
  Player.cpp
  Pickups.cpp
  PerFragmentShader.cpp
  OrthoShader.cpp
  OptionsWindowType.cpp
  OptionsWindowSize.cpp
  OptionsVolume.cpp
  OptionsGraphics.cpp
  OptionsField.cpp
  Music.cpp
  Monster.cpp
  ModelSet.cpp
  ModelFile.cpp
  Model.cpp
  LocalAssetManager.cpp
  Lights.cpp
  Generating Code...
  Compiling...
  Key.cpp
  GLM: rotate function taking degrees as a parameter is deprecated. #define GLM_FORCE_RADIANS before including GLM headers to remove this message.
  Intelligence.cpp
  Indoors.cpp
  GLM: rotate function taking degrees as a parameter is deprecated. #define GLM_FORCE_RADIANS before including GLM headers to remove this message.
  House.cpp
  Hints.cpp
  HighPrecisionTimer.cpp
  Heightmap.cpp
  Headers.cpp
  GeometryBuffer.cpp
  Gate.cpp
  GLM: rotate function taking degrees as a parameter is deprecated. #define GLM_FORCE_RADIANS before including GLM headers to remove this message.
  Gameover.cpp
  GPU_Transfer.cpp
  GPU_Sampler.cpp
  GPU_Program.cpp
  GPU_Matrices.cpp
  GLM: perspective function taking degrees as a parameter is deprecated. #define GLM_FORCE_RADIANS before including GLM headers to remove this message.
  GLM: rotate function taking degrees as a parameter is deprecated. #define GLM_FORCE_RADIANS before including GLM headers to remove this message.
  GPU.cpp
  ForwardRenderer.cpp
  FontAsset.cpp
  FirstPersonCamera.cpp
  GLM: rotate function taking degrees as a parameter is deprecated. #define GLM_FORCE_RADIANS before including GLM headers to remove this message.
  DirectionalLight.cpp
  Generating Code...
  Compiling...
  DeferredRenderer.cpp
  DeferredOutputShader.cpp
  DeferredInputShader.cpp
  DefaultCamera.cpp
  Cube.cpp
  Buttons.cpp
  Button2D.cpp
c:\users\b0023\desktop\ies\games technology project\application\button2d.cpp(135): warning C4838: conversion from 'float' to 'int' requires a narrowing conversion
  Border.cpp
  Background.cpp
  AudioFile.cpp
  AssetManager.cpp
  Generating Code...
  Application.vcxproj -> C:\Users\B0023\Desktop\IES\Games Technology Project\Debug\Application.exe
