c:\users\b0023\desktop\ies\games technology project\application\debug\vc140.pdb
c:\users\b0023\desktop\ies\games technology project\application\debug\vc140.idb
c:\users\b0023\desktop\ies\games technology project\application\debug\gpu_program.obj
c:\users\b0023\desktop\ies\games technology project\application\debug\gpu_sampler.obj
c:\users\b0023\desktop\ies\games technology project\application\debug\gpu_transfer.obj
c:\users\b0023\desktop\ies\games technology project\application\debug\applicationlayer.obj
c:\users\b0023\desktop\ies\games technology project\application\debug\scenemanager.obj
c:\users\b0023\desktop\ies\games technology project\application\debug\skybox.obj
c:\users\b0023\desktop\ies\games technology project\application\debug\solidbox.obj
c:\users\b0023\desktop\ies\games technology project\application\debug\modelset.obj
c:\users\b0023\desktop\ies\games technology project\application\debug\solidcylinder.obj
c:\users\b0023\desktop\ies\games technology project\application\debug\spotlight.obj
c:\users\b0023\desktop\ies\games technology project\application\debug\system.obj
c:\users\b0023\desktop\ies\games technology project\application\debug\highprecisiontimer.obj
c:\users\b0023\desktop\ies\games technology project\application\debug\terrain.obj
c:\users\b0023\desktop\ies\games technology project\application\debug\text2d.obj
c:\users\b0023\desktop\ies\games technology project\application\debug\texture2d.obj
c:\users\b0023\desktop\ies\games technology project\application\debug\textureasset.obj
c:\users\b0023\desktop\ies\games technology project\application\debug\trees.obj
c:\users\b0023\desktop\ies\games technology project\application\debug\video.obj
c:\users\b0023\desktop\ies\games technology project\application\debug\window.obj
c:\users\b0023\desktop\ies\games technology project\application\debug\world.obj
c:\users\b0023\desktop\ies\games technology project\application\debug\heightmap.obj
c:\users\b0023\desktop\ies\games technology project\application\debug\indoors.obj
c:\users\b0023\desktop\ies\games technology project\application\debug\md2model.obj
c:\users\b0023\desktop\ies\games technology project\application\debug\menu.obj
c:\users\b0023\desktop\ies\games technology project\application\debug\exception.obj
c:\users\b0023\desktop\ies\games technology project\application\debug\fontasset.obj
c:\users\b0023\desktop\ies\games technology project\application\debug\localassetmanager.obj
c:\users\b0023\desktop\ies\games technology project\application\debug\model.obj
c:\users\b0023\desktop\ies\games technology project\application\debug\modelfile.obj
c:\users\b0023\desktop\ies\games technology project\application\debug\options.obj
c:\users\b0023\desktop\ies\games technology project\application\debug\optionsgraphics.obj
c:\users\b0023\desktop\ies\games technology project\application\debug\optionsvolume.obj
c:\users\b0023\desktop\ies\games technology project\application\debug\optionswindowsize.obj
c:\users\b0023\desktop\ies\games technology project\application\debug\optionswindowtype.obj
c:\users\b0023\desktop\ies\games technology project\application\debug\orthoshader.obj
c:\users\b0023\desktop\ies\games technology project\application\debug\pickups.obj
c:\users\b0023\desktop\ies\games technology project\application\debug\player.obj
c:\users\b0023\desktop\ies\games technology project\application\debug\pointlight.obj
c:\users\b0023\desktop\ies\games technology project\application\debug\renderer2d.obj
c:\users\b0023\desktop\ies\games technology project\application\debug\gpu.obj
c:\users\b0023\desktop\ies\games technology project\application\debug\directionallight.obj
c:\users\b0023\desktop\ies\games technology project\application\debug\firstpersoncamera.obj
c:\users\b0023\desktop\ies\games technology project\application\debug\forest.obj
c:\users\b0023\desktop\ies\games technology project\application\debug\gate.obj
c:\users\b0023\desktop\ies\games technology project\application\debug\gpu_matrices.obj
c:\users\b0023\desktop\ies\games technology project\application\debug\headers.obj
c:\users\b0023\desktop\ies\games technology project\application\debug\house.obj
c:\users\b0023\desktop\ies\games technology project\application\debug\intro.obj
c:\users\b0023\desktop\ies\games technology project\application\debug\key.obj
c:\users\b0023\desktop\ies\games technology project\application\debug\keyboard.obj
c:\users\b0023\desktop\ies\games technology project\application\debug\lights.obj
c:\users\b0023\desktop\ies\games technology project\application\debug\monster.obj
c:\users\b0023\desktop\ies\games technology project\application\debug\mouse.obj
c:\users\b0023\desktop\ies\games technology project\application\debug\music.obj
c:\users\b0023\desktop\ies\games technology project\application\debug\optionsfield.obj
c:\users\b0023\desktop\ies\games technology project\application\debug\perfragmentshader.obj
c:\users\b0023\desktop\ies\games technology project\application\debug\forwardrenderer.obj
c:\users\b0023\desktop\ies\games technology project\application\debug\gameover.obj
c:\users\b0023\desktop\ies\games technology project\application\debug\gamepad.obj
c:\users\b0023\desktop\ies\games technology project\application\debug\geometrybuffer.obj
c:\users\b0023\desktop\ies\games technology project\application\debug\assetmanager.obj
c:\users\b0023\desktop\ies\games technology project\application\debug\astarexception.obj
c:\users\b0023\desktop\ies\games technology project\application\debug\astarmap.obj
c:\users\b0023\desktop\ies\games technology project\application\debug\astarnode.obj
c:\users\b0023\desktop\ies\games technology project\application\debug\audiofile.obj
c:\users\b0023\desktop\ies\games technology project\application\debug\background.obj
c:\users\b0023\desktop\ies\games technology project\application\debug\border.obj
c:\users\b0023\desktop\ies\games technology project\application\debug\hints.obj
c:\users\b0023\desktop\ies\games technology project\application\debug\intelligence.obj
c:\users\b0023\desktop\ies\games technology project\application\debug\button2d.obj
c:\users\b0023\desktop\ies\games technology project\application\debug\buttons.obj
c:\users\b0023\desktop\ies\games technology project\application\debug\cube.obj
c:\users\b0023\desktop\ies\games technology project\application\debug\defaultcamera.obj
c:\users\b0023\desktop\ies\games technology project\application\debug\deferredinputshader.obj
c:\users\b0023\desktop\ies\games technology project\application\debug\deferredoutputshader.obj
c:\users\b0023\desktop\ies\games technology project\application\debug\deferredrenderer.obj
c:\users\b0023\desktop\ies\games technology project\debug\application.ilk
c:\users\b0023\desktop\ies\games technology project\debug\application.exe
c:\users\b0023\desktop\ies\games technology project\debug\application.pdb
c:\users\b0023\desktop\ies\games technology project\application\debug\application.res
c:\users\b0023\desktop\ies\games technology project\application\debug\md2model.obj.enc
c:\users\b0023\desktop\ies\games technology project\application\debug\application.tlog\cl.command.1.tlog
c:\users\b0023\desktop\ies\games technology project\application\debug\application.tlog\cl.read.1.tlog
c:\users\b0023\desktop\ies\games technology project\application\debug\application.tlog\cl.write.1.tlog
c:\users\b0023\desktop\ies\games technology project\application\debug\application.tlog\link.command.1.tlog
c:\users\b0023\desktop\ies\games technology project\application\debug\application.tlog\link.read.1.tlog
c:\users\b0023\desktop\ies\games technology project\application\debug\application.tlog\link.write.1.tlog
c:\users\b0023\desktop\ies\games technology project\application\debug\application.tlog\rc.command.1.tlog
c:\users\b0023\desktop\ies\games technology project\application\debug\application.tlog\rc.read.1.tlog
c:\users\b0023\desktop\ies\games technology project\application\debug\application.tlog\rc.write.1.tlog
